<?xml version="1.0" encoding="UTF-8"?>
<testsuite xmlns:xsi="http://www.w3.org/2001/XMLSchema-instance" xsi:noNamespaceSchemaLocation="https://maven.apache.org/surefire/maven-surefire-plugin/xsd/surefire-test-report-3.0.xsd" version="3.0" name="TestHelloJob" time="0.973" tests="1" errors="0" skipped="0" failures="0">
  <properties>
    <property name="gopherProxySet" value="false"/>
    <property name="awt.toolkit" value="sun.lwawt.macosx.LWCToolkit"/>
    <property name="java.specification.version" value="11"/>
    <property name="sun.cpu.isalist" value=""/>
    <property name="sun.jnu.encoding" value="UTF-8"/>
    <property name="java.class.path" value="/Users/horvatic/projects/devops-playground/target/test-classes:/Users/horvatic/projects/devops-playground/target/classes:/Users/horvatic/.m2/repository/junit/junit/4.11/junit-4.11.jar:/Users/horvatic/.m2/repository/org/hamcrest/hamcrest-core/1.3/hamcrest-core-1.3.jar:/Users/horvatic/.m2/repository/com/lesfurets/jenkins-pipeline-unit/1.9/jenkins-pipeline-unit-1.9.jar:/Users/horvatic/.m2/repository/org/assertj/assertj-core/3.4.1/assertj-core-3.4.1.jar:/Users/horvatic/.m2/repository/org/springframework/spring-core/5.2.9.RELEASE/spring-core-5.2.9.RELEASE.jar:/Users/horvatic/.m2/repository/org/springframework/spring-jcl/5.2.9.RELEASE/spring-jcl-5.2.9.RELEASE.jar:/Users/horvatic/.m2/repository/org/codehaus/groovy/groovy-all/2.4.6/groovy-all-2.4.6.jar:/Users/horvatic/.m2/repository/com/cloudbees/groovy-cps/1.12/groovy-cps-1.12.jar:/Users/horvatic/.m2/repository/com/google/guava/guava/11.0.1/guava-11.0.1.jar:/Users/horvatic/.m2/repository/com/google/code/findbugs/jsr305/1.3.9/jsr305-1.3.9.jar:/Users/horvatic/.m2/repository/commons-io/commons-io/2.5/commons-io-2.5.jar:/Users/horvatic/.m2/repository/org/apache/ivy/ivy/2.4.0/ivy-2.4.0.jar:/Users/horvatic/.m2/repository/org/apache/commons/commons-lang3/3.5/commons-lang3-3.5.jar:"/>
    <property name="java.vm.vendor" value="Homebrew"/>
    <property name="sun.arch.data.model" value="64"/>
    <property name="java.vendor.url" value="https://github.com/Homebrew/homebrew-core/issues"/>
    <property name="user.timezone" value=""/>
    <property name="java.vm.specification.version" value="11"/>
    <property name="os.name" value="Mac OS X"/>
    <property name="sun.java.launcher" value="SUN_STANDARD"/>
    <property name="user.country" value="US"/>
    <property name="sun.boot.library.path" value="/opt/homebrew/Cellar/openjdk@11/11.0.24/libexec/openjdk.jdk/Contents/Home/lib"/>
    <property name="sun.java.command" value="/Users/horvatic/projects/devops-playground/target/surefire/surefirebooter-20240816092803994_3.jar /Users/horvatic/projects/devops-playground/target/surefire 2024-08-16T09-28-03_930-jvmRun1 surefire-20240816092803994_1tmp surefire_0-20240816092803994_2tmp"/>
    <property name="http.nonProxyHosts" value="local|*.local|169.254/16|*.169.254/16"/>
    <property name="jdk.debug" value="release"/>
    <property name="surefire.test.class.path" value="/Users/horvatic/projects/devops-playground/target/test-classes:/Users/horvatic/projects/devops-playground/target/classes:/Users/horvatic/.m2/repository/junit/junit/4.11/junit-4.11.jar:/Users/horvatic/.m2/repository/org/hamcrest/hamcrest-core/1.3/hamcrest-core-1.3.jar:/Users/horvatic/.m2/repository/com/lesfurets/jenkins-pipeline-unit/1.9/jenkins-pipeline-unit-1.9.jar:/Users/horvatic/.m2/repository/org/assertj/assertj-core/3.4.1/assertj-core-3.4.1.jar:/Users/horvatic/.m2/repository/org/springframework/spring-core/5.2.9.RELEASE/spring-core-5.2.9.RELEASE.jar:/Users/horvatic/.m2/repository/org/springframework/spring-jcl/5.2.9.RELEASE/spring-jcl-5.2.9.RELEASE.jar:/Users/horvatic/.m2/repository/org/codehaus/groovy/groovy-all/2.4.6/groovy-all-2.4.6.jar:/Users/horvatic/.m2/repository/com/cloudbees/groovy-cps/1.12/groovy-cps-1.12.jar:/Users/horvatic/.m2/repository/com/google/guava/guava/11.0.1/guava-11.0.1.jar:/Users/horvatic/.m2/repository/com/google/code/findbugs/jsr305/1.3.9/jsr305-1.3.9.jar:/Users/horvatic/.m2/repository/commons-io/commons-io/2.5/commons-io-2.5.jar:/Users/horvatic/.m2/repository/org/apache/ivy/ivy/2.4.0/ivy-2.4.0.jar:/Users/horvatic/.m2/repository/org/apache/commons/commons-lang3/3.5/commons-lang3-3.5.jar:"/>
    <property name="sun.cpu.endian" value="little"/>
    <property name="user.home" value="/Users/horvatic"/>
    <property name="user.language" value="en"/>
    <property name="java.specification.vendor" value="Oracle Corporation"/>
    <property name="java.version.date" value="2024-07-16"/>
    <property name="java.home" value="/opt/homebrew/Cellar/openjdk@11/11.0.24/libexec/openjdk.jdk/Contents/Home"/>
    <property name="file.separator" value="/"/>
    <property name="basedir" value="/Users/horvatic/projects/devops-playground"/>
    <property name="java.vm.compressedOopsMode" value="Zero based"/>
    <property name="line.separator" value="&#10;"/>
    <property name="java.specification.name" value="Java Platform API Specification"/>
    <property name="java.vm.specification.vendor" value="Oracle Corporation"/>
    <property name="java.awt.graphicsenv" value="sun.awt.CGraphicsEnvironment"/>
    <property name="surefire.real.class.path" value="/Users/horvatic/projects/devops-playground/target/surefire/surefirebooter-20240816092803994_3.jar"/>
    <property name="sun.management.compiler" value="HotSpot 64-Bit Tiered Compilers"/>
    <property name="ftp.nonProxyHosts" value="local|*.local|169.254/16|*.169.254/16"/>
    <property name="java.runtime.version" value="11.0.24+0"/>
    <property name="user.name" value="horvatic"/>
    <property name="path.separator" value=":"/>
    <property name="os.version" value="12.3.1"/>
    <property name="java.runtime.name" value="OpenJDK Runtime Environment"/>
    <property name="file.encoding" value="UTF-8"/>
    <property name="java.vm.name" value="OpenJDK 64-Bit Server VM"/>
    <property name="java.vendor.version" value="Homebrew"/>
    <property name="localRepository" value="/Users/horvatic/.m2/repository"/>
    <property name="java.vendor.url.bug" value="https://github.com/Homebrew/homebrew-core/issues"/>
    <property name="java.io.tmpdir" value="/var/folders/__/1v3gvd812192hyvk9wnv6m4r0000gn/T/"/>
    <property name="java.version" value="11.0.24"/>
    <property name="user.dir" value="/Users/horvatic/projects/devops-playground"/>
    <property name="os.arch" value="aarch64"/>
    <property name="java.vm.specification.name" value="Java Virtual Machine Specification"/>
    <property name="java.awt.printerjob" value="sun.lwawt.macosx.CPrinterJob"/>
    <property name="sun.os.patch.level" value="unknown"/>
    <property name="java.library.path" value="/Users/horvatic/Library/Java/Extensions:/Library/Java/Extensions:/Network/Library/Java/Extensions:/System/Library/Java/Extensions:/usr/lib/java:."/>
    <property name="java.vm.info" value="mixed mode"/>
    <property name="java.vendor" value="Homebrew"/>
    <property name="java.vm.version" value="11.0.24+0"/>
    <property name="java.specification.maintenance.version" value="2"/>
    <property name="sun.io.unicode.encoding" value="UnicodeBig"/>
    <property name="java.class.version" value="55.0"/>
    <property name="socksNonProxyHosts" value="local|*.local|169.254/16|*.169.254/16"/>
  </properties>
  <testcase name="shouldExecuteWithoutErrors" classname="TestHelloJob" time="0.579">
    <system-out><![CDATA[Hello World
hello
hello
   Jenkinsfile.execute()
      Jenkinsfile.node(groovy.lang.Closure)
         Jenkinsfile.stage(groovy test, groovy.lang.Closure)
            Jenkinsfile.load(.//hello.groovy)
               hello.run()
            hello.testHello()
         Jenkinsfile.stage(build, groovy.lang.Closure)
            Jenkinsfile.sh(fbuild)
            Jenkinsfile.stash({includes=**/main-linux-release, name=app})
            Jenkinsfile.stash({includes=**/build/linux/release/*.so, name=dll})
         Jenkinsfile.stage(deploy, groovy.lang.Closure)
            Jenkinsfile.load(.//deploy.groovy)
               deploy.run()
            deploy.deploy()
            Jenkinsfile.deploy()
]]></system-out>
  </testcase>
</testsuite>